# JRE version: OpenJDK Runtime Environment Zulu11.48+21-CA (11.0.11+9) (build 11.0.11+9-LTS)
# Java VM: OpenJDK 64-Bit Server VM Zulu11.48+21-CA (11.0.11+9-LTS, mixed mode, tiered, compressed oops, g1 gc, bsd-amd64)
Heap:
 garbage-first heap   total 131072K, used 63728K [0x0000000700000000, 0x0000000800000000)
  region size 1024K, 40 young (40960K), 2 survivors (2048K)
 Metaspace       used 31190K, capacity 32021K, committed 32256K, reserved 1077248K
  class space    used 3422K, capacity 3763K, committed 3840K, reserved 1048576K
GC Heap History (10 events):
Event: 38292.466 GC heap before
{Heap before GC invocations=0 (full 0):
 garbage-first heap   total 131072K, used 27648K [0x0000000700000000, 0x0000000800000000)
  region size 1024K, 24 young (24576K), 0 survivors (0K)
 Metaspace       used 18754K, capacity 19278K, committed 19456K, reserved 1067008K
  class space    used 2047K, capacity 2273K, committed 2304K, reserved 1048576K
}
Event: 38292.482 GC heap after
{Heap after GC invocations=1 (full 0):
 garbage-first heap   total 131072K, used 7810K [0x0000000700000000, 0x0000000800000000)
  region size 1024K, 3 young (3072K), 3 survivors (3072K)
 Metaspace       used 18754K, capacity 19278K, committed 19456K, reserved 1067008K
  class space    used 2047K, capacity 2273K, committed 2304K, reserved 1048576K
}
Event: 38292.633 GC heap before
{Heap before GC invocations=1 (full 0):
 garbage-first heap   total 131072K, used 18050K [0x0000000700000000, 0x0000000800000000)
  region size 1024K, 14 young (14336K), 3 survivors (3072K)
 Metaspace       used 20597K, capacity 21024K, committed 21248K, reserved 1069056K
  class space    used 2257K, capacity 2471K, committed 2560K, reserved 1048576K
}
Event: 38292.645 GC heap after
{Heap after GC invocations=2 (full 0):
 garbage-first heap   total 131072K, used 8263K [0x0000000700000000, 0x0000000800000000)
  region size 1024K, 1 young (1024K), 1 survivors (1024K)
 Metaspace       used 20597K, capacity 21024K, committed 21248K, reserved 1069056K
  class space    used 2257K, capacity 2471K, committed 2560K, reserved 1048576K
}
Event: 38292.882 GC heap before
{Heap before GC invocations=3 (full 0):
 garbage-first heap   total 131072K, used 46151K [0x0000000700000000, 0x0000000800000000)
  region size 1024K, 38 young (38912K), 1 survivors (1024K)
 Metaspace       used 22882K, capacity 23465K, committed 23808K, reserved 1071104K
  class space    used 2530K, capacity 2769K, committed 2816K, reserved 1048576K
}
Event: 38292.884 GC heap after
{Heap after GC invocations=4 (full 0):
 garbage-first heap   total 131072K, used 9243K [0x0000000700000000, 0x0000000800000000)
  region size 1024K, 2 young (2048K), 2 survivors (2048K)
 Metaspace       used 22882K, capacity 23465K, committed 23808K, reserved 1071104K
  class space    used 2530K, capacity 2769K, committed 2816K, reserved 1048576K
}
Event: 38304.866 GC heap before
{Heap before GC invocations=4 (full 0):
 garbage-first heap   total 131072K, used 71707K [0x0000000700000000, 0x0000000800000000)
  region size 1024K, 63 young (64512K), 2 survivors (2048K)
 Metaspace       used 28772K, capacity 29455K, committed 29696K, reserved 1075200K
  class space    used 3244K, capacity 3562K, committed 3584K, reserved 1048576K
}
Event: 38304.874 GC heap after
{Heap after GC invocations=5 (full 0):
 garbage-first heap   total 131072K, used 14376K [0x0000000700000000, 0x0000000800000000)
  region size 1024K, 7 young (7168K), 7 survivors (7168K)
 Metaspace       used 28772K, capacity 29455K, committed 29696K, reserved 1075200K
  class space    used 3244K, capacity 3562K, committed 3584K, reserved 1048576K
}
Event: 38521.398 GC heap before
{Heap before GC invocations=5 (full 0):
 garbage-first heap   total 131072K, used 100392K [0x0000000700000000, 0x0000000800000000)
  region size 1024K, 72 young (73728K), 7 survivors (7168K)
 Metaspace       used 31123K, capacity 32021K, committed 32256K, reserved 1077248K
  class space    used 3422K, capacity 3763K, committed 3840K, reserved 1048576K
}
Event: 38521.436 GC heap after
{Heap after GC invocations=6 (full 0):
 garbage-first heap   total 131072K, used 15600K [0x0000000700000000, 0x0000000800000000)
  region size 1024K, 2 young (2048K), 2 survivors (2048K)
 Metaspace       used 31123K, capacity 32021K, committed 32256K, reserved 1077248K
  class space    used 3422K, capacity 3763K, committed 3840K, reserved 1048576K
}

